<?xml version="1.0" encoding="UTF-8"?>
<testng-results ignored="0" total="4" passed="4" failed="0" skipped="0">
  <reporter-output>
  </reporter-output>
  <suite started-at="2022-06-23T19:07:12 IST" name="Suite" finished-at="2022-06-23T19:08:33 IST" duration-ms="81067">
    <groups>
      <group name="cucumber">
        <method signature="AbstractTestNGCucumberTests.runScenario(io.cucumber.testng.PickleWrapper, io.cucumber.testng.FeatureWrapper)[pri:0, instance:stepdefinition.cucumber3@9225652]" name="runScenario" class="io.cucumber.testng.AbstractTestNGCucumberTests"/>
      </group> <!-- cucumber -->
    </groups>
    <test started-at="2022-06-23T19:07:12 IST" name="Test" finished-at="2022-06-23T19:08:33 IST" duration-ms="81067">
      <class name="stepdefinition.cucumber3">
        <test-method is-config="true" signature="setUpClass()[pri:0, instance:stepdefinition.cucumber3@9225652]" started-at="2022-06-23T19:07:12 IST" name="setUpClass" finished-at="2022-06-23T19:07:13 IST" duration-ms="1328" status="PASS">
          <reporter-output>
          </reporter-output>
        </test-method> <!-- setUpClass -->
        <test-method signature="runScenario(io.cucumber.testng.PickleWrapper, io.cucumber.testng.FeatureWrapper)[pri:0, instance:stepdefinition.cucumber3@9225652]" started-at="2022-06-23T19:07:13 IST" name="runScenario" description="Runs Cucumber Scenarios" data-provider="scenarios" finished-at="2022-06-23T19:07:39 IST" duration-ms="25099" status="PASS">
          <params>
            <param index="0">
              <value>
                <![CDATA["verifying url and check whether drag and drop is happening or not"]]>
              </value>
            </param>
            <param index="1">
              <value>
                <![CDATA["Drag and drop functionality"]]>
              </value>
            </param>
          </params>
          <reporter-output>
          </reporter-output>
        </test-method> <!-- runScenario -->
        <test-method signature="runScenario(io.cucumber.testng.PickleWrapper, io.cucumber.testng.FeatureWrapper)[pri:0, instance:stepdefinition.cucumber3@9225652]" started-at="2022-06-23T19:07:39 IST" name="runScenario" description="Runs Cucumber Scenarios" data-provider="scenarios" finished-at="2022-06-23T19:07:50 IST" duration-ms="11518" status="PASS">
          <params>
            <param index="0">
              <value>
                <![CDATA["verifying the url"]]>
              </value>
            </param>
            <param index="1">
              <value>
                <![CDATA["to verify the opening of browser functionality"]]>
              </value>
            </param>
          </params>
          <reporter-output>
          </reporter-output>
        </test-method> <!-- runScenario -->
        <test-method signature="runScenario(io.cucumber.testng.PickleWrapper, io.cucumber.testng.FeatureWrapper)[pri:0, instance:stepdefinition.cucumber3@9225652]" started-at="2022-06-23T19:07:50 IST" name="runScenario" description="Runs Cucumber Scenarios" data-provider="scenarios" finished-at="2022-06-23T19:08:11 IST" duration-ms="21277" status="PASS">
          <params>
            <param index="0">
              <value>
                <![CDATA["checking the search functionality in different ways"]]>
              </value>
            </param>
            <param index="1">
              <value>
                <![CDATA["Search functionality"]]>
              </value>
            </param>
          </params>
          <reporter-output>
          </reporter-output>
        </test-method> <!-- runScenario -->
        <test-method signature="runScenario(io.cucumber.testng.PickleWrapper, io.cucumber.testng.FeatureWrapper)[pri:0, instance:stepdefinition.cucumber3@9225652]" started-at="2022-06-23T19:08:11 IST" name="runScenario" description="Runs Cucumber Scenarios" data-provider="scenarios" finished-at="2022-06-23T19:08:33 IST" duration-ms="21691" status="PASS">
          <params>
            <param index="0">
              <value>
                <![CDATA["checking the search functionality in different ways"]]>
              </value>
            </param>
            <param index="1">
              <value>
                <![CDATA["Search functionality"]]>
              </value>
            </param>
          </params>
          <reporter-output>
          </reporter-output>
        </test-method> <!-- runScenario -->
        <test-method is-config="true" signature="tearDownClass()[pri:0, instance:stepdefinition.cucumber3@9225652]" started-at="2022-06-23T19:08:33 IST" name="tearDownClass" finished-at="2022-06-23T19:08:33 IST" duration-ms="5" status="PASS">
          <reporter-output>
          </reporter-output>
        </test-method> <!-- tearDownClass -->
      </class> <!-- stepdefinition.cucumber3 -->
    </test> <!-- Test -->
  </suite> <!-- Suite -->
</testng-results>
