<?xml version="1.0" encoding="UTF-8"?>
<testsuite xmlns:xsi="http://www.w3.org/2001/XMLSchema-instance" xsi:noNamespaceSchemaLocation="https://maven.apache.org/surefire/maven-surefire-plugin/xsd/surefire-test-report.xsd" name="TestSuite" time="83.092" tests="4" errors="0" skipped="0" failures="0">
  <properties>
[...]
</properties>
  <testcase name="runScenario" classname="stepdefinition.cucumber3" time="25.106"/>
  <testcase name="runScenario" classname="stepdefinition.cucumber3" time="11.516"/>
  <testcase name="runScenario" classname="stepdefinition.cucumber3" time="21.251"/>
  <testcase name="runScenario" classname="stepdefinition.cucumber3" time="21.692"/>
</testsuite>