<?xml version="1.0" encoding="UTF-8"?>
<testng-results ignored="0" total="4" passed="4" failed="0" skipped="0">
  <reporter-output>
  </reporter-output>
  <suite started-at="2022-06-23T19:00:12 IST" name="Suite" finished-at="2022-06-23T19:02:06 IST" duration-ms="114517">
    <groups>
      <group name="cucumber">
        <method signature="AbstractTestNGCucumberTests.runScenario(io.cucumber.testng.PickleWrapper, io.cucumber.testng.FeatureWrapper)[pri:0, instance:stepdefinition.cucumber3@59474f18]" name="runScenario" class="io.cucumber.testng.AbstractTestNGCucumberTests"/>
      </group> <!-- cucumber -->
    </groups>
    <test started-at="2022-06-23T19:00:12 IST" name="Test" finished-at="2022-06-23T19:02:06 IST" duration-ms="114517">
      <class name="stepdefinition.cucumber3">
        <test-method is-config="true" signature="setUpClass()[pri:0, instance:stepdefinition.cucumber3@59474f18]" started-at="2022-06-23T19:00:12 IST" name="setUpClass" finished-at="2022-06-23T19:00:13 IST" duration-ms="1156" status="PASS">
          <reporter-output>
          </reporter-output>
        </test-method> <!-- setUpClass -->
        <test-method signature="runScenario(io.cucumber.testng.PickleWrapper, io.cucumber.testng.FeatureWrapper)[pri:0, instance:stepdefinition.cucumber3@59474f18]" started-at="2022-06-23T19:00:13 IST" name="runScenario" description="Runs Cucumber Scenarios" data-provider="scenarios" finished-at="2022-06-23T19:00:38 IST" duration-ms="25068" status="PASS">
          <params>
            <param index="0">
              <value>
                <![CDATA["verifying url and check whether drag and drop is happening or not"]]>
              </value>
            </param>
            <param index="1">
              <value>
                <![CDATA["Drag and drop functionality"]]>
              </value>
            </param>
          </params>
          <reporter-output>
          </reporter-output>
        </test-method> <!-- runScenario -->
        <test-method signature="runScenario(io.cucumber.testng.PickleWrapper, io.cucumber.testng.FeatureWrapper)[pri:0, instance:stepdefinition.cucumber3@59474f18]" started-at="2022-06-23T19:00:38 IST" name="runScenario" description="Runs Cucumber Scenarios" data-provider="scenarios" finished-at="2022-06-23T19:01:04 IST" duration-ms="25674" status="PASS">
          <params>
            <param index="0">
              <value>
                <![CDATA["verifying the url"]]>
              </value>
            </param>
            <param index="1">
              <value>
                <![CDATA["to verify the opening of browser functionality"]]>
              </value>
            </param>
          </params>
          <reporter-output>
          </reporter-output>
        </test-method> <!-- runScenario -->
        <test-method signature="runScenario(io.cucumber.testng.PickleWrapper, io.cucumber.testng.FeatureWrapper)[pri:0, instance:stepdefinition.cucumber3@59474f18]" started-at="2022-06-23T19:01:04 IST" name="runScenario" description="Runs Cucumber Scenarios" data-provider="scenarios" finished-at="2022-06-23T19:01:33 IST" duration-ms="29220" status="PASS">
          <params>
            <param index="0">
              <value>
                <![CDATA["checking the search functionality in different ways"]]>
              </value>
            </param>
            <param index="1">
              <value>
                <![CDATA["Search functionality"]]>
              </value>
            </param>
          </params>
          <reporter-output>
          </reporter-output>
        </test-method> <!-- runScenario -->
        <test-method signature="runScenario(io.cucumber.testng.PickleWrapper, io.cucumber.testng.FeatureWrapper)[pri:0, instance:stepdefinition.cucumber3@59474f18]" started-at="2022-06-23T19:01:33 IST" name="runScenario" description="Runs Cucumber Scenarios" data-provider="scenarios" finished-at="2022-06-23T19:02:06 IST" duration-ms="32987" status="PASS">
          <params>
            <param index="0">
              <value>
                <![CDATA["checking the search functionality in different ways"]]>
              </value>
            </param>
            <param index="1">
              <value>
                <![CDATA["Search functionality"]]>
              </value>
            </param>
          </params>
          <reporter-output>
          </reporter-output>
        </test-method> <!-- runScenario -->
        <test-method is-config="true" signature="tearDownClass()[pri:0, instance:stepdefinition.cucumber3@59474f18]" started-at="2022-06-23T19:02:06 IST" name="tearDownClass" finished-at="2022-06-23T19:02:06 IST" duration-ms="96" status="PASS">
          <reporter-output>
          </reporter-output>
        </test-method> <!-- tearDownClass -->
      </class> <!-- stepdefinition.cucumber3 -->
    </test> <!-- Test -->
  </suite> <!-- Suite -->
</testng-results>
